[22.06.2026 12:11:57] FatherD вошел в чат
[22.06.2026 12:12:07] [12:12:07] FatherD: Привет всем!
[22.06.2026 12:12:25] [12:12:25] FatherD: exit
[22.06.2026 12:12:42] FatherD покинул чат
[22.06.2026 12:12:58] BOSS вошел в чат
[22.06.2026 12:13:07] [12:13:07] BOSS: Hello Worl!
[22.06.2026 12:13:11] [12:13:11] BOSS: exit
[22.06.2026 12:13:13] [12:13:13] BOSS: 
[22.06.2026 12:13:16] [12:13:16] BOSS: fw
[22.06.2026 12:13:31] BOSS покинул чат
[22.06.2026 12:15:08] FatherD вошел в чат
[22.06.2026 12:15:12] [12:15:12] FatherD: Hello World!
[22.06.2026 12:15:18] FatherD покинул чат
[22.06.2026 13:12:19] FatherD вошел в чат
[22.06.2026 13:12:25] [13:12:25] FatherD: Hello World!
[22.06.2026 13:12:29] FatherD вышел из чата
[22.06.2026 13:12:29] FatherD покинул чат
[22.06.2026 13:15:31] DAS вошел в чат
[22.06.2026 13:15:38] [13:15:38] DAS: Message!
[22.06.2026 13:15:40] DAS вышел из чата
[22.06.2026 13:15:40] DAS покинул чат
[22.06.2026 13:25:30] BOSS1 вошел в чат
[22.06.2026 13:25:37] [13:25:37] BOSS1: Good!!!
[22.06.2026 13:25:40] BOSS1 вышел из чата
[22.06.2026 13:25:40] BOSS1 покинул чат
[22.06.2026 13:29:44] FatherD вошел в чат
[22.06.2026 13:29:51] DAS вошел в чат
[22.06.2026 13:30:04] [13:30:04] FatherD: Hello World!
[22.06.2026 13:30:12] [13:30:12] DAS: Hello DAS!
[22.06.2026 13:30:22] [13:30:22] DAS: Как ты?
[22.06.2026 13:30:33] [13:30:33] FatherD: Отлично FatherD. Как ты?
[22.06.2026 13:30:37] FatherD вышел из чата
[22.06.2026 13:30:37] FatherD покинул чат
[22.06.2026 13:30:58] [13:30:58] DAS: О, FatherD вышел :(
[22.06.2026 13:31:01] DAS вышел из чата
[22.06.2026 13:31:01] DAS покинул чат
[22.06.2026 13:41:28] DAS вошел в чат
[22.06.2026 13:41:42] DAS покинул чат
[22.06.2026 13:41:42] DAS покинул чат
[22.06.2026 13:42:00] BOSS вошел в чат
[22.06.2026 13:42:24] DAS покинул чат
[22.06.2026 13:42:24] DAS покинул чат
[22.06.2026 13:42:29] DAS вошел в чат
[22.06.2026 13:42:39] BOSS покинул чат
[22.06.2026 13:42:39] BOSS покинул чат
[22.06.2026 13:42:40] DAS покинул чат
[22.06.2026 13:42:40] DAS покинул чат
[22.06.2026 13:43:51] FatherD вошел в чат
[22.06.2026 13:43:56] [13:43:56] FatherD: Е кто?
[22.06.2026 13:44:12] DAS вошел в чат
[22.06.2026 13:44:16] [13:44:16] DAS: АУ!!
[22.06.2026 13:44:21] DAS вышел из чата
[22.06.2026 13:44:21] DAS покинул чат
[22.06.2026 13:44:28] [13:44:28] FatherD: Ау
[22.06.2026 13:44:34] FatherD вышел из чата
[22.06.2026 13:44:34] FatherD покинул чат
[22.06.2026 15:46:34] АферукВ вошел в чат
[22.06.2026 15:46:38] [15:46:38] АферукВ: ацац
[22.06.2026 15:47:10] цук вошел в чат
[22.06.2026 15:47:13] [15:47:13] цук: ПРивет
[22.06.2026 15:47:19] [15:47:19] АферукВ: Привет!!!
[22.06.2026 15:47:26] АферукВ вышел из чата
[22.06.2026 15:47:26] АферукВ покинул чат
[22.06.2026 15:47:33] цук вышел из чата
[22.06.2026 15:47:33] цук покинул чат
[22.06.2026 15:49:38] FatherD вошел в чат
[22.06.2026 15:49:43] [15:49:43] FatherD: Всем Привет!
[22.06.2026 15:50:01] DAS вошел в чат
[22.06.2026 15:50:09] [15:50:09] DAS: Всем привет, кто тут есть!
[22.06.2026 15:50:15] DAS вышел из чата
[22.06.2026 15:50:15] DAS покинул чат
[22.06.2026 15:50:23] [15:50:23] FatherD: Пока DAS
[22.06.2026 15:50:26] FatherD вышел из чата
[22.06.2026 15:50:26] FatherD покинул чат
